<?xml version="1.0" encoding="UTF-8"?>
<testng-results ignored="0" total="1" passed="1" failed="0" skipped="0">
  <reporter-output>
  </reporter-output>
  <suite started-at="2024-03-01T07:49:55 IST" name="Default suite" finished-at="2024-03-01T07:50:06 IST" duration-ms="10723">
    <groups>
    </groups>
    <test started-at="2024-03-01T07:49:55 IST" name="Default test" finished-at="2024-03-01T07:50:06 IST" duration-ms="10723">
      <class name="testJenkins.LoginOrangeHRM">
        <test-method is-config="true" signature="setup()[pri:0, instance:testJenkins.LoginOrangeHRM@4d5d943d]" started-at="2024-03-01T07:49:55 IST" name="setup" finished-at="2024-03-01T07:50:00 IST" duration-ms="4472" status="PASS">
          <reporter-output>
          </reporter-output>
        </test-method> <!-- setup -->
        <test-method signature="loginOrange()[pri:0, instance:testJenkins.LoginOrangeHRM@4d5d943d]" started-at="2024-03-01T07:50:00 IST" name="loginOrange" finished-at="2024-03-01T07:50:06 IST" duration-ms="6152" status="PASS">
          <reporter-output>
          </reporter-output>
        </test-method> <!-- loginOrange -->
        <test-method is-config="true" signature="close()[pri:0, instance:testJenkins.LoginOrangeHRM@4d5d943d]" started-at="2024-03-01T07:50:06 IST" name="close" finished-at="2024-03-01T07:50:06 IST" duration-ms="1" status="PASS">
          <reporter-output>
          </reporter-output>
        </test-method> <!-- close -->
      </class> <!-- testJenkins.LoginOrangeHRM -->
    </test> <!-- Default test -->
  </suite> <!-- Default suite -->
</testng-results>
